[35m[HTTP][39m [37m-->[39m [37mGET[39m [37m/wd/hub/session/8a1e051f-7c71-4a8f-98a8-31d4aa0cbc93/timeouts[39m
[35m[HTTP][39m [90m{}[39m
[debug] [35m[HTTP][39m No route found for /wd/hub/session/8a1e051f-7c71-4a8f-98a8-31d4aa0cbc93/timeouts
[35m[HTTP][39m [37m<-- GET /wd/hub/session/8a1e051f-7c71-4a8f-98a8-31d4aa0cbc93/timeouts [39m[33m404[39m [90m11 ms - 262[39m
[35m[HTTP][39m [90m[39m
[35m[HTTP][39m [37m-->[39m [37mGET[39m [37m/wd/hub/session/8a1e051f-7c71-4a8f-98a8-31d4aa0cbc93/timeouts[39m
[35m[HTTP][39m [90m{}[39m
[debug] [35m[HTTP][39m No route found for /wd/hub/session/8a1e051f-7c71-4a8f-98a8-31d4aa0cbc93/timeouts
[35m[HTTP][39m [37m<-- GET /wd/hub/session/8a1e051f-7c71-4a8f-98a8-31d4aa0cbc93/timeouts [39m[33m404[39m [90m8 ms - 262[39m
[35m[HTTP][39m [90m[39m
[35m[HTTP][39m [37m-->[39m [37mPOST[39m [37m/session[39m
[35m[HTTP][39m [90m{"capabilities":{"alwaysMatch":{"acceptInsecureCerts":true,"platformName":"Android","appPackage":"com.amazon.mShop.android.shopping","automationName":"UiAutomator2","appActivity":"com.amazon.mShop.home.HomeActivity"},"firstMatch":[{}]},"desiredCapabilities":{"acceptInsecureCerts":true,"platformName":"Android","appPackage":"com.amazon.mShop.android.shopping","automationName":"UiAutomator2","appActivity":"com.amazon.mShop.home.HomeActivity"}}[39m
[debug] [35m[W3C][39m Calling AppiumDriver.createSession() with args: [{"acceptInsecureCerts":true,"platformName":"Android","appPackage":"com.amazon.mShop.android.shopping","automationName":"UiAutomator2","appActivity":"com.amazon.mShop.home.HomeActivity"},null,{"alwaysMatch":{"acceptInsecureCerts":true,"platformName":"Android","appPackage":"com.amazon.mShop.android.shopping","automationName":"UiAutomator2","appActivity":"com.amazon.mShop.home.HomeActivity"},"firstMatch":[{}]}]
[debug] [35m[BaseDriver][39m Event 'newSessionRequested' logged at 1668338020781 (12:13:40 GMT+0100 (Central European Standard Time))
[35m[BaseDriver][39m The following capabilities are not standard capabilities and should have an extension prefix:
[35m[BaseDriver][39m   appPackage
[35m[BaseDriver][39m   automationName
[35m[BaseDriver][39m   appActivity
[35m[Appium][39m Appium v1.22.3 creating new AndroidUiautomator2Driver (v1.75.0) session
[debug] [35m[BaseDriver][39m W3C capabilities and MJSONWP desired capabilities were provided
[debug] [35m[BaseDriver][39m Creating session with W3C capabilities: {
[debug] [35m[BaseDriver][39m   "alwaysMatch": {
[debug] [35m[BaseDriver][39m     "acceptInsecureCerts": true,
[debug] [35m[BaseDriver][39m     "platformName": "Android",
[debug] [35m[BaseDriver][39m     "appium:appPackage": "com.amazon.mShop.android.shopping",
[debug] [35m[BaseDriver][39m     "appium:automationName": "UiAutomator2",
[debug] [35m[BaseDriver][39m     "appium:appActivity": "com.amazon.mShop.home.HomeActivity"
[debug] [35m[BaseDriver][39m   },
[debug] [35m[BaseDriver][39m   "firstMatch": [
[debug] [35m[BaseDriver][39m     {}
[debug] [35m[BaseDriver][39m   ]
[debug] [35m[BaseDriver][39m }
[35m[BaseDriver][39m The following capabilities were provided, but are not recognized by Appium:
[35m[BaseDriver][39m   acceptInsecureCerts
[35m[BaseDriver][39m Session created with session id: 7fcf345d-f8fd-4595-aec6-f7e78c816719
[35m[UiAutomator2][39m Starting 'com.amazon.mShop.android.shopping' directly on the device
[35m[ADB][39m Found 6 'build-tools' folders under '/Users/tomas/Library/Android/sdk' (newest first):
[35m[ADB][39m     /Users/tomas/Library/Android/sdk/build-tools/32.0.0
[35m[ADB][39m     /Users/tomas/Library/Android/sdk/build-tools/31.0.0
[35m[ADB][39m     /Users/tomas/Library/Android/sdk/build-tools/30.0.3
[35m[ADB][39m     /Users/tomas/Library/Android/sdk/build-tools/30.0.2
[35m[ADB][39m     /Users/tomas/Library/Android/sdk/build-tools/30.0.0
[35m[ADB][39m     /Users/tomas/Library/Android/sdk/build-tools/29.0.2
[35m[ADB][39m Using 'adb' from '/Users/tomas/Library/Android/sdk/platform-tools/adb'
[debug] [35m[ADB][39m Running '/Users/tomas/Library/Android/sdk/platform-tools/adb -P 5037 start-server'
[35m[AndroidDriver][39m Retrieving device list
[debug] [35m[ADB][39m Trying to find a connected android device
[debug] [35m[ADB][39m Getting connected devices
[debug] [35m[ADB][39m Connected devices: [{"udid":"BY6X5TGUHQSS5LOJ","state":"device"}]
[35m[AndroidDriver][39m Using device: BY6X5TGUHQSS5LOJ
[35m[ADB][39m Using 'adb' from '/Users/tomas/Library/Android/sdk/platform-tools/adb'
[debug] [35m[ADB][39m Running '/Users/tomas/Library/Android/sdk/platform-tools/adb -P 5037 start-server'
[debug] [35m[ADB][39m Setting device id to BY6X5TGUHQSS5LOJ
[debug] [35m[ADB][39m Running '/Users/tomas/Library/Android/sdk/platform-tools/adb -P 5037 -s BY6X5TGUHQSS5LOJ shell getprop ro.build.version.sdk'
[debug] [35m[ADB][39m Current device property 'ro.build.version.sdk': 29
[35m[ADB][39m Getting device platform version
[debug] [35m[ADB][39m Running '/Users/tomas/Library/Android/sdk/platform-tools/adb -P 5037 -s BY6X5TGUHQSS5LOJ shell getprop ro.build.version.release'
[35m[HTTP][39m [37m-->[39m [37mGET[39m [37m/wd/hub/session/8a1e051f-7c71-4a8f-98a8-31d4aa0cbc93/timeouts[39m
[35m[HTTP][39m [90m{}[39m
[debug] [35m[HTTP][39m No route found for /wd/hub/session/8a1e051f-7c71-4a8f-98a8-31d4aa0cbc93/timeouts
[35m[HTTP][39m [37m<-- GET /wd/hub/session/8a1e051f-7c71-4a8f-98a8-31d4aa0cbc93/timeouts [39m[33m404[39m [90m1 ms - 262[39m
[35m[HTTP][39m [90m[39m
[debug] [35m[ADB][39m Current device property 'ro.build.version.release': 10
[debug] [35m[ADB][39m Device API level: 29
[35m[UiAutomator2][39m Relaxing hidden api policy
[debug] [35m[ADB][39m Running '/Users/tomas/Library/Android/sdk/platform-tools/adb -P 5037 -s BY6X5TGUHQSS5LOJ shell 'settings put global hidden_api_policy_pre_p_apps 1;settings put global hidden_api_policy_p_apps 1;settings put global hidden_api_policy 1''
[35m[AndroidDriver][39m No app sent in, not parsing package/activity
[debug] [35m[ADB][39m Running '/Users/tomas/Library/Android/sdk/platform-tools/adb -P 5037 -s BY6X5TGUHQSS5LOJ wait-for-device'
[debug] [35m[ADB][39m Running '/Users/tomas/Library/Android/sdk/platform-tools/adb -P 5037 -s BY6X5TGUHQSS5LOJ shell echo ping'
[debug] [35m[AndroidDriver][39m Pushing settings apk to device...
[debug] [35m[ADB][39m Getting install status for io.appium.settings
[debug] [35m[ADB][39m Running '/Users/tomas/Library/Android/sdk/platform-tools/adb -P 5037 -s BY6X5TGUHQSS5LOJ shell dumpsys package io.appium.settings'
[debug] [35m[ADB][39m 'io.appium.settings' is installed
[debug] [35m[ADB][39m Getting package info for 'io.appium.settings'
[debug] [35m[ADB][39m Running '/Users/tomas/Library/Android/sdk/platform-tools/adb -P 5037 -s BY6X5TGUHQSS5LOJ shell dumpsys package io.appium.settings'
[debug] [35m[ADB][39m The version name of the installed 'io.appium.settings' is greater or equal to the application version name ('3.6.0' >= '3.6.0')
[debug] [35m[ADB][39m There is no need to install/upgrade '/Users/tomas/misc/automation-framework/node_modules/io.appium.settings/apks/settings_apk-debug.apk'
[debug] [35m[ADB][39m Getting IDs of all 'io.appium.settings' processes
[debug] [35m[ADB][39m Running '/Users/tomas/Library/Android/sdk/platform-tools/adb -P 5037 -s BY6X5TGUHQSS5LOJ shell 'pgrep --help; echo $?''
[debug] [35m[ADB][39m Running '/Users/tomas/Library/Android/sdk/platform-tools/adb -P 5037 -s BY6X5TGUHQSS5LOJ shell pgrep -f \(\[\[:blank:\]\]\|\^\)io\.appium\.settings\(\[\[:blank:\]\]\|\$\)'
[debug] [35m[AndroidDriver][39m io.appium.settings is already running. There is no need to reset its permissions.
[debug] [35m[ADB][39m Running '/Users/tomas/Library/Android/sdk/platform-tools/adb -P 5037 -s BY6X5TGUHQSS5LOJ shell appops set io.appium.settings android:mock_location allow'
[debug] [35m[Logcat][39m Starting logs capture with command: /Users/tomas/Library/Android/sdk/platform-tools/adb -P 5037 -s BY6X5TGUHQSS5LOJ logcat -v threadtime
[debug] [35m[UiAutomator2][39m Forwarding UiAutomator2 Server port 6790 to local port 8202
[debug] [35m[ADB][39m Forwarding system: 8202 to device: 6790
[debug] [35m[ADB][39m Running '/Users/tomas/Library/Android/sdk/platform-tools/adb -P 5037 -s BY6X5TGUHQSS5LOJ forward tcp:8202 tcp:6790'
[debug] [35m[ADB][39m Getting install status for io.appium.uiautomator2.server
[debug] [35m[ADB][39m Running '/Users/tomas/Library/Android/sdk/platform-tools/adb -P 5037 -s BY6X5TGUHQSS5LOJ shell dumpsys package io.appium.uiautomator2.server'
[debug] [35m[ADB][39m 'io.appium.uiautomator2.server' is installed
[debug] [35m[ADB][39m Getting package info for 'io.appium.uiautomator2.server'
[debug] [35m[ADB][39m Running '/Users/tomas/Library/Android/sdk/platform-tools/adb -P 5037 -s BY6X5TGUHQSS5LOJ shell dumpsys package io.appium.uiautomator2.server'
[debug] [35m[ADB][39m The version name of the installed 'io.appium.uiautomator2.server' is greater or equal to the application version name ('4.29.1' >= '4.29.1')
[debug] [35m[UiAutomator2][39m io.appium.uiautomator2.server installation state: sameVersionInstalled
[debug] [35m[ADB][39m Checking app cert for /Users/tomas/misc/automation-framework/node_modules/appium-uiautomator2-server/apks/appium-uiautomator2-server-v4.29.1.apk
[35m[ADB][39m Using 'apksigner.jar' from '/Users/tomas/Library/Android/sdk/build-tools/32.0.0/lib/apksigner.jar'
[debug] [35m[ADB][39m Starting apksigner: /Library/Java/JavaVirtualMachines/adoptopenjdk-11.jdk/Contents/Home/bin/java -Xmx1024M -Xss1m -jar /Users/tomas/Library/Android/sdk/build-tools/32.0.0/lib/apksigner.jar verify --print-certs /Users/tomas/misc/automation-framework/node_modules/appium-uiautomator2-server/apks/appium-uiautomator2-server-v4.29.1.apk
[debug] [35m[ADB][39m apksigner stdout: Signer #1 certificate DN: EMAILADDRESS=android@android.com, CN=Android, OU=Android, O=Android, L=Mountain View, ST=California, C=US
[debug] [35m[ADB][39m Signer #1 certificate SHA-256 digest: a40da80a59d170caa950cf15c18c454d47a39b26989d8b640ecd745ba71bf5dc
[debug] [35m[ADB][39m Signer #1 certificate SHA-1 digest: 61ed377e85d386a8dfee6b864bd85b0bfaa5af81
[debug] [35m[ADB][39m Signer #1 certificate MD5 digest: e89b158e4bcf988ebd09eb83f5378e87
[debug] [35m[ADB][39m 
[debug] [35m[ADB][39m sha256 hash did match for 'appium-uiautomator2-server-v4.29.1.apk'
[35m[ADB][39m '/Users/tomas/misc/automation-framework/node_modules/appium-uiautomator2-server/apks/appium-uiautomator2-server-v4.29.1.apk' is signed with the default certificate
[debug] [35m[ADB][39m Getting install status for io.appium.uiautomator2.server.test
[debug] [35m[ADB][39m Running '/Users/tomas/Library/Android/sdk/platform-tools/adb -P 5037 -s BY6X5TGUHQSS5LOJ shell dumpsys package io.appium.uiautomator2.server.test'
[debug] [35m[ADB][39m 'io.appium.uiautomator2.server.test' is installed
[debug] [35m[ADB][39m Checking app cert for /Users/tomas/misc/automation-framework/node_modules/appium-uiautomator2-server/apks/appium-uiautomator2-server-debug-androidTest.apk
[debug] [35m[ADB][39m Starting apksigner: /Library/Java/JavaVirtualMachines/adoptopenjdk-11.jdk/Contents/Home/bin/java -Xmx1024M -Xss1m -jar /Users/tomas/Library/Android/sdk/build-tools/32.0.0/lib/apksigner.jar verify --print-certs /Users/tomas/misc/automation-framework/node_modules/appium-uiautomator2-server/apks/appium-uiautomator2-server-debug-androidTest.apk
[debug] [35m[ADB][39m apksigner stdout: Signer #1 certificate DN: EMAILADDRESS=android@android.com, CN=Android, OU=Android, O=Android, L=Mountain View, ST=California, C=US
[debug] [35m[ADB][39m Signer #1 certificate SHA-256 digest: a40da80a59d170caa950cf15c18c454d47a39b26989d8b640ecd745ba71bf5dc
[debug] [35m[ADB][39m Signer #1 certificate SHA-1 digest: 61ed377e85d386a8dfee6b864bd85b0bfaa5af81
[debug] [35m[ADB][39m Signer #1 certificate MD5 digest: e89b158e4bcf988ebd09eb83f5378e87
[debug] [35m[ADB][39m 
[debug] [35m[ADB][39m sha256 hash did match for 'appium-uiautomator2-server-debug-androidTest.apk'
[35m[ADB][39m '/Users/tomas/misc/automation-framework/node_modules/appium-uiautomator2-server/apks/appium-uiautomator2-server-debug-androidTest.apk' is signed with the default certificate
[35m[UiAutomator2][39m Server packages are not going to be (re)installed
[debug] [35m[UiAutomator2][39m Waiting up to 30000ms for services to be available
[debug] [35m[ADB][39m Running '/Users/tomas/Library/Android/sdk/platform-tools/adb -P 5037 -s BY6X5TGUHQSS5LOJ shell pm list instrumentation'
[debug] [35m[UiAutomator2][39m Instrumentation target 'io.appium.uiautomator2.server.test/androidx.test.runner.AndroidJUnitRunner' is available
[35m[ADB][39m Adding packages ["io.appium.settings","io.appium.uiautomator2.server","io.appium.uiautomator2.server.test"] to Doze whitelist
[debug] [35m[ADB][39m Got the following command chunks to execute: [["dumpsys","deviceidle","whitelist","+io.appium.settings",";","dumpsys","deviceidle","whitelist","+io.appium.uiautomator2.server",";","dumpsys","deviceidle","whitelist","+io.appium.uiautomator2.server.test",";"]]
[debug] [35m[ADB][39m Running '/Users/tomas/Library/Android/sdk/platform-tools/adb -P 5037 -s BY6X5TGUHQSS5LOJ shell dumpsys deviceidle whitelist +io.appium.settings ; dumpsys deviceidle whitelist +io.appium.uiautomator2.server ; dumpsys deviceidle whitelist +io.appium.uiautomator2.server.test ;'
[debug] [35m[UiAutomator2][39m No app capability. Assuming it is already on the device
[debug] [35m[ADB][39m Getting install status for com.amazon.mShop.android.shopping
[debug] [35m[ADB][39m Running '/Users/tomas/Library/Android/sdk/platform-tools/adb -P 5037 -s BY6X5TGUHQSS5LOJ shell dumpsys package com.amazon.mShop.android.shopping'
[debug] [35m[ADB][39m 'com.amazon.mShop.android.shopping' is installed
[debug] [35m[ADB][39m Running '/Users/tomas/Library/Android/sdk/platform-tools/adb -P 5037 -s BY6X5TGUHQSS5LOJ shell am force-stop com.amazon.mShop.android.shopping'
[35m[HTTP][39m [37m-->[39m [37mGET[39m [37m/wd/hub/session/8a1e051f-7c71-4a8f-98a8-31d4aa0cbc93/timeouts[39m
[35m[HTTP][39m [90m{}[39m
[debug] [35m[HTTP][39m No route found for /wd/hub/session/8a1e051f-7c71-4a8f-98a8-31d4aa0cbc93/timeouts
[35m[HTTP][39m [37m<-- GET /wd/hub/session/8a1e051f-7c71-4a8f-98a8-31d4aa0cbc93/timeouts [39m[33m404[39m [90m1 ms - 262[39m
[35m[HTTP][39m [90m[39m
[debug] [35m[ADB][39m Running '/Users/tomas/Library/Android/sdk/platform-tools/adb -P 5037 -s BY6X5TGUHQSS5LOJ shell pm clear com.amazon.mShop.android.shopping'
[debug] [35m[AndroidDriver][39m Performed fast reset on the installed 'com.amazon.mShop.android.shopping' application (stop and clear)
[debug] [35m[UiAutomator2][39m Performing shallow cleanup of automation leftovers
[debug] [35m[UiAutomator2][39m No obsolete sessions have been detected (socket hang up)
[debug] [35m[ADB][39m Running '/Users/tomas/Library/Android/sdk/platform-tools/adb -P 5037 -s BY6X5TGUHQSS5LOJ shell am force-stop io.appium.uiautomator2.server.test'
[35m[UiAutomator2][39m Starting UIAutomator2 server 4.29.1
[35m[UiAutomator2][39m Using UIAutomator2 server from '/Users/tomas/misc/automation-framework/node_modules/appium-uiautomator2-server/apks/appium-uiautomator2-server-v4.29.1.apk' and test from '/Users/tomas/misc/automation-framework/node_modules/appium-uiautomator2-server/apks/appium-uiautomator2-server-debug-androidTest.apk'
[35m[UiAutomator2][39m Waiting up to 30000ms for UiAutomator2 to be online...
[debug] [35m[ADB][39m Creating ADB subprocess with args: ["-P",5037,"-s","BY6X5TGUHQSS5LOJ","shell","am","instrument","-w","-e","disableAnalytics",true,"io.appium.uiautomator2.server.test/androidx.test.runner.AndroidJUnitRunner"]
[debug] [35m[WD Proxy][39m Matched '/status' to command name 'getStatus'
[debug] [35m[WD Proxy][39m Proxying [GET /status] to [GET http://127.0.0.1:8202/wd/hub/status] with no body
[35m[WD Proxy][39m socket hang up
[debug] [35m[WD Proxy][39m Matched '/status' to command name 'getStatus'
[debug] [35m[WD Proxy][39m Proxying [GET /status] to [GET http://127.0.0.1:8202/wd/hub/status] with no body
[35m[WD Proxy][39m socket hang up
[debug] [35m[WD Proxy][39m Matched '/status' to command name 'getStatus'
[debug] [35m[WD Proxy][39m Proxying [GET /status] to [GET http://127.0.0.1:8202/wd/hub/status] with no body
[35m[WD Proxy][39m socket hang up
[debug] [35m[Instrumentation][39m io.appium.uiautomator2.server.test.AppiumUiAutomator2Server:
[debug] [35m[WD Proxy][39m Matched '/status' to command name 'getStatus'
[debug] [35m[WD Proxy][39m Proxying [GET /status] to [GET http://127.0.0.1:8202/wd/hub/status] with no body
[35m[WD Proxy][39m socket hang up
[debug] [35m[WD Proxy][39m Matched '/status' to command name 'getStatus'
[debug] [35m[WD Proxy][39m Proxying [GET /status] to [GET http://127.0.0.1:8202/wd/hub/status] with no body
[35m[HTTP][39m [37m-->[39m [37mGET[39m [37m/wd/hub/session/8a1e051f-7c71-4a8f-98a8-31d4aa0cbc93/timeouts[39m
[35m[HTTP][39m [90m{}[39m
[debug] [35m[HTTP][39m No route found for /wd/hub/session/8a1e051f-7c71-4a8f-98a8-31d4aa0cbc93/timeouts
[35m[HTTP][39m [37m<-- GET /wd/hub/session/8a1e051f-7c71-4a8f-98a8-31d4aa0cbc93/timeouts [39m[33m404[39m [90m2 ms - 262[39m
[35m[HTTP][39m [90m[39m
[35m[WD Proxy][39m socket hang up
[debug] [35m[WD Proxy][39m Matched '/status' to command name 'getStatus'
[debug] [35m[WD Proxy][39m Proxying [GET /status] to [GET http://127.0.0.1:8202/wd/hub/status] with no body
[debug] [35m[WD Proxy][39m Got response with status 200: {"sessionId":"None","value":{"message":"UiAutomator2 Server is ready to accept commands","ready":true}}
[debug] [35m[UiAutomator2][39m The initialization of the instrumentation process took 5414ms
[debug] [35m[WD Proxy][39m Matched '/session' to command name 'createSession'
[debug] [35m[WD Proxy][39m Proxying [POST /session] to [POST http://127.0.0.1:8202/wd/hub/session] with body: {"capabilities":{"firstMatch":[{"platform":"LINUX","webStorageEnabled":false,"takesScreenshot":true,"javascriptEnabled":true,"databaseEnabled":false,"networkConnectionEnabled":true,"locationContextEnabled":false,"warnings":{},"desired":{"acceptInsecureCerts":true,"platformName":"Android","appPackage":"com.amazon.mShop.android.shopping","automationName":"UiAutomator2","appActivity":"com.amazon.mShop.home.HomeActivity"},"acceptInsecureCerts":true,"platformName":"Android","appPackage":"com.amazon.mShop.android.shopping","automationName":"UiAutomator2","appActivity":"com.amazon.mShop.home.HomeActivity","deviceName":"BY6X5TGUHQSS5LOJ","deviceUDID":"BY6X5TGUHQSS5LOJ"}],"alwaysMatch":{}}}
[debug] [35m[WD Proxy][39m Got response with status 200: {"sessionId":"155fa960-593f-4d7b-860b-1be4fde1bf5c","value":{"capabilities":{"firstMatch":[{"platform":"LINUX","webStorageEnabled":false,"takesScreenshot":true,"javascriptEnabled":true,"databaseEnabled":false,"networkConnectionEnabled":true,"locationContextEnabled":false,"warnings":{},"desired":{"acceptInsecureCerts":true,"platformName":"Android","appPackage":"com.amazon.mShop.android.shopping","automationName":"UiAutomator2","appActivity":"com.amazon.mShop.home.HomeActivity"},"acceptInsecureCerts":true,"platformName":"Android","appPackage":"com.amazon.mShop.android.shopping","automationName":"UiAutomator2","appActivity":"com.amazon.mShop.home.HomeActivity","deviceName":"BY6X5TGUHQSS5LOJ","deviceUDID":"BY6X5TGUHQSS5LOJ"}],"alwaysMatch":{}},"sessionId":"155fa960-593f-4d7b-860b-1be4fde1bf5c"}}
[35m[WD Proxy][39m Determined the downstream protocol as 'W3C'
[debug] [35m[WD Proxy][39m Proxying [GET /appium/device/info] to [GET http://127.0.0.1:8202/wd/hub/session/155fa960-593f-4d7b-860b-1be4fde1bf5c/appium/device/info] with no body
[debug] [35m[WD Proxy][39m Got response with status 200: {"sessionId":"155fa960-593f-4d7b-860b-1be4fde1bf5c","value":{"androidId":"3727025b9834f602","apiVersion":"29","bluetooth":{"state":"ON"},"brand":"Redmi","carrierName":"telecable","displayDensity":320,"locale":"en_US","manufacturer":"Xiaomi","model":"M2006C3MNG","networks":[{"capabilities":{"SSID":null,"linkDownBandwidthKbps":1048576,"linkUpstreamBandwidthKbps":1048576,"networkCapabilities":"NET_CAPABILITY_NOT_METERED,NET_CAPABILITY_INTERNET,NET_CAPABILITY_NOT_RESTRICTED,NET_CAPABILITY_TRUSTED,NET_CAPABILITY_NOT_VPN,NET_CAPABILITY_VALIDATED,NET_CAPABILITY_NOT_ROAMING,NET_CAPABILITY_FOREGROUND,NET_CAPABILITY_NOT_CONGESTED,NET_CAPABILITY_NOT_SUSPENDED","signalStrength":-56,"transportTypes":"TRANSPORT_WIFI"},"detailedState":"CONNECTED","extraInfo":null,"isAvailable":true,"isConnected":true,"isFailover":false,"isRoaming":false,"state":"CONNECTED","subtype":0,"subtypeName":"","type":1,"typeName":"WIFI"}],"platformVersion":"10","realDisplaySize":"720x1600","timeZone":"Europe/Madrid"}}
[debug] [35m[ADB][39m Running '/Users/tomas/Library/Android/sdk/platform-tools/adb -P 5037 -s BY6X5TGUHQSS5LOJ shell dumpsys window'
[35m[AndroidDriver][39m Screen already unlocked, doing nothing
[35m[UiAutomator2][39m Starting 'com.amazon.mShop.android.shopping/com.amazon.mShop.home.HomeActivity and waiting for 'com.amazon.mShop.android.shopping/com.amazon.mShop.home.HomeActivity'
[debug] [35m[ADB][39m Running '/Users/tomas/Library/Android/sdk/platform-tools/adb -P 5037 -s BY6X5TGUHQSS5LOJ shell am start -W -n com.amazon.mShop.android.shopping/com.amazon.mShop.home.HomeActivity -S -a android.intent.action.MAIN -c android.intent.category.LAUNCHER -f 0x10200000'
[35m[HTTP][39m [37m-->[39m [37mGET[39m [37m/wd/hub/session/8a1e051f-7c71-4a8f-98a8-31d4aa0cbc93/timeouts[39m
[35m[HTTP][39m [90m{}[39m
[debug] [35m[HTTP][39m No route found for /wd/hub/session/8a1e051f-7c71-4a8f-98a8-31d4aa0cbc93/timeouts
[35m[HTTP][39m [37m<-- GET /wd/hub/session/8a1e051f-7c71-4a8f-98a8-31d4aa0cbc93/timeouts [39m[33m404[39m [90m1 ms - 262[39m
[35m[HTTP][39m [90m[39m
[debug] [35m[WD Proxy][39m Proxying [GET /appium/device/pixel_ratio] to [GET http://127.0.0.1:8202/wd/hub/session/155fa960-593f-4d7b-860b-1be4fde1bf5c/appium/device/pixel_ratio] with no body
[debug] [35m[WD Proxy][39m Got response with status 200: {"sessionId":"155fa960-593f-4d7b-860b-1be4fde1bf5c","value":2}
[debug] [35m[WD Proxy][39m Matched '/appium/device/system_bars' to command name 'getSystemBars'
[debug] [35m[WD Proxy][39m Proxying [GET /appium/device/system_bars] to [GET http://127.0.0.1:8202/wd/hub/session/155fa960-593f-4d7b-860b-1be4fde1bf5c/appium/device/system_bars] with no body
[debug] [35m[WD Proxy][39m Got response with status 200: {"sessionId":"155fa960-593f-4d7b-860b-1be4fde1bf5c","value":{"statusBar":55}}
[debug] [35m[WD Proxy][39m Matched '/window/current/size' to command name 'getWindowSize'
[debug] [35m[WD Proxy][39m Proxying [GET /window/current/size] to [GET http://127.0.0.1:8202/wd/hub/session/155fa960-593f-4d7b-860b-1be4fde1bf5c/window/current/size] with no body
[debug] [35m[WD Proxy][39m Got response with status 200: {"sessionId":"155fa960-593f-4d7b-860b-1be4fde1bf5c","value":{"height":1449,"width":720}}
[35m[Appium][39m New AndroidUiautomator2Driver session created successfully, session 7fcf345d-f8fd-4595-aec6-f7e78c816719 added to master session list
[debug] [35m[BaseDriver][39m Event 'newSessionStarted' logged at 1668338039316 (12:13:59 GMT+0100 (Central European Standard Time))
[debug] [35m[W3C (7fcf345d)][39m Cached the protocol value 'W3C' for the new session 7fcf345d-f8fd-4595-aec6-f7e78c816719
[debug] [35m[W3C (7fcf345d)][39m Responding to client with driver.createSession() result: {"capabilities":{"platform":"LINUX","webStorageEnabled":false,"takesScreenshot":true,"javascriptEnabled":true,"databaseEnabled":false,"networkConnectionEnabled":true,"locationContextEnabled":false,"warnings":{},"desired":{"acceptInsecureCerts":true,"platformName":"Android","appPackage":"com.amazon.mShop.android.shopping","automationName":"UiAutomator2","appActivity":"com.amazon.mShop.home.HomeActivity"},"acceptInsecureCerts":true,"platformName":"Android","appPackage":"com.amazon.mShop.android.shopping","automationName":"UiAutomator2","appActivity":"com.amazon.mShop.home.HomeActivity","deviceName":"BY6X5TGUHQSS5LOJ","deviceUDID":"BY6X5TGUHQSS5LOJ","deviceApiLevel":29,"platformVersion":"10","deviceScreenSize":"720x1600","deviceScreenDensity":320,"deviceModel":"M2006C3MNG","deviceManufacturer":"Xiaomi","pixelRatio":2,"statBarHeight":55,"viewportRect":{"left":0,"top":55,"width":720,"height":1394}}}
[35m[HTTP][39m [37m<-- POST /session [39m[32m200[39m [90m18538 ms - 968[39m
[35m[HTTP][39m [90m[39m
[35m[HTTP][39m [37m-->[39m [37mPOST[39m [37m/session/7fcf345d-f8fd-4595-aec6-f7e78c816719/element[39m
[35m[HTTP][39m [90m{"using":"-android uiautomator","value":"new UiSelector().resourceId(\"landing-countryButton\")"}[39m
[debug] [35m[W3C (7fcf345d)][39m Calling AppiumDriver.findElement() with args: ["-android uiautomator","new UiSelector().resourceId(\"landing-countryButton\")","7fcf345d-f8fd-4595-aec6-f7e78c816719"]
[debug] [35m[BaseDriver][39m Valid locator strategies for this request: xpath, id, class name, accessibility id, css selector, -android uiautomator
[debug] [35m[BaseDriver][39m Waiting up to 0 ms for condition
[debug] [35m[WD Proxy][39m Matched '/element' to command name 'findElement'
[debug] [35m[WD Proxy][39m Proxying [POST /element] to [POST http://127.0.0.1:8202/wd/hub/session/155fa960-593f-4d7b-860b-1be4fde1bf5c/element] with body: {"strategy":"-android uiautomator","selector":"new UiSelector().resourceId(\"landing-countryButton\")","context":"","multiple":false}
[35m[WD Proxy][39m Got response with status 404: {"sessionId":"155fa960-593f-4d7b-860b-1be4fde1bf5c","value":{"error":"no such element","message":"An element could not be located on the page using the given search parameters","stacktrace":"io.appium.uiautomator2.common.exceptions.ElementNotFoundException: An element could not be located on the page using the given search parameters\n\tat io.appium.uiautomator2.handler.FindElement.safeHandle(FindElement.java:70)\n\tat io.appium.uiautomator2.handler.request.SafeRequestHandler.handle(SafeRequestHandler.java:59)\n\tat io.appium.uiautomator2.server.AppiumServlet.handleRequest(AppiumServlet.java:267)\n\tat io.appium.uiautomator2.server.AppiumServlet.handleHttpRequest(AppiumServlet.java:261)\n\tat io.appium.uiautomator2.http.ServerHandler.channelRead(ServerHandler.java:68)\n\tat io.netty.channel.AbstractChannelHandlerContext.invokeChannelRead(AbstractChannelHandlerContext.java:366)\n\tat io.netty.channel.AbstractChannelHandlerContext.invokeChannelRead(AbstractChannelHandlerContext.java:352)\n\tat io.netty.chann...
[debug] [35m[W3C][39m Matched W3C error code 'no such element' to NoSuchElementError
[debug] [35m[W3C (7fcf345d)][39m Encountered internal error running command: NoSuchElementError: An element could not be located on the page using the given search parameters.
[debug] [35m[W3C (7fcf345d)][39m     at AndroidUiautomator2Driver.findElOrEls (/Users/tomas/misc/automation-framework/node_modules/appium-android-driver/lib/commands/find.js:75:11)
[debug] [35m[W3C (7fcf345d)][39m     at processTicksAndRejections (node:internal/process/task_queues:96:5)
[debug] [35m[W3C (7fcf345d)][39m     at AndroidUiautomator2Driver.findElOrElsWithProcessing (/Users/tomas/misc/automation-framework/node_modules/appium-base-driver/lib/basedriver/commands/find.js:33:12)
[debug] [35m[W3C (7fcf345d)][39m     at AndroidUiautomator2Driver.findElement (/Users/tomas/misc/automation-framework/node_modules/appium-base-driver/lib/basedriver/commands/find.js:53:10)
[35m[HTTP][39m [37m<-- POST /session/7fcf345d-f8fd-4595-aec6-f7e78c816719/element [39m[33m404[39m [90m2208 ms - 794[39m
[35m[HTTP][39m [90m[39m
[35m[HTTP][39m [37m-->[39m [37mPOST[39m [37m/session/7fcf345d-f8fd-4595-aec6-f7e78c816719/element[39m
[35m[HTTP][39m [90m{"using":"-android uiautomator","value":"new UiSelector().resourceId(\"landing-countryButton\")"}[39m
[debug] [35m[W3C (7fcf345d)][39m Calling AppiumDriver.findElement() with args: ["-android uiautomator","new UiSelector().resourceId(\"landing-countryButton\")","7fcf345d-f8fd-4595-aec6-f7e78c816719"]
[debug] [35m[BaseDriver][39m Valid locator strategies for this request: xpath, id, class name, accessibility id, css selector, -android uiautomator
[debug] [35m[BaseDriver][39m Waiting up to 0 ms for condition
[debug] [35m[WD Proxy][39m Matched '/element' to command name 'findElement'
[debug] [35m[WD Proxy][39m Proxying [POST /element] to [POST http://127.0.0.1:8202/wd/hub/session/155fa960-593f-4d7b-860b-1be4fde1bf5c/element] with body: {"strategy":"-android uiautomator","selector":"new UiSelector().resourceId(\"landing-countryButton\")","context":"","multiple":false}
[debug] [35m[WD Proxy][39m Got response with status 200: {"sessionId":"155fa960-593f-4d7b-860b-1be4fde1bf5c","value":{"ELEMENT":"00000000-0000-011a-0000-004a0000002c","element-6066-11e4-a52e-4f735466cecf":"00000000-0000-011a-0000-004a0000002c"}}
[debug] [35m[W3C (7fcf345d)][39m Responding to client with driver.findElement() result: {"element-6066-11e4-a52e-4f735466cecf":"00000000-0000-011a-0000-004a0000002c","ELEMENT":"00000000-0000-011a-0000-004a0000002c"}
[35m[HTTP][39m [37m<-- POST /session/7fcf345d-f8fd-4595-aec6-f7e78c816719/element [39m[32m200[39m [90m858 ms - 137[39m
[35m[HTTP][39m [90m[39m
[35m[HTTP][39m [37m-->[39m [37mGET[39m [37m/session/7fcf345d-f8fd-4595-aec6-f7e78c816719/element/00000000-0000-011a-0000-004a0000002c/displayed[39m
[35m[HTTP][39m [90m{}[39m
[debug] [35m[W3C (7fcf345d)][39m Calling AppiumDriver.elementDisplayed() with args: ["00000000-0000-011a-0000-004a0000002c","7fcf345d-f8fd-4595-aec6-f7e78c816719"]
[debug] [35m[WD Proxy][39m Matched '/element/00000000-0000-011a-0000-004a0000002c/attribute/displayed' to command name 'getAttribute'
[debug] [35m[WD Proxy][39m Proxying [GET /element/00000000-0000-011a-0000-004a0000002c/attribute/displayed] to [GET http://127.0.0.1:8202/wd/hub/session/155fa960-593f-4d7b-860b-1be4fde1bf5c/element/00000000-0000-011a-0000-004a0000002c/attribute/displayed] with no body
[debug] [35m[WD Proxy][39m Got response with status 200: {"sessionId":"155fa960-593f-4d7b-860b-1be4fde1bf5c","value":"true"}
[debug] [35m[W3C (7fcf345d)][39m Responding to client with driver.elementDisplayed() result: true
[35m[HTTP][39m [37m<-- GET /session/7fcf345d-f8fd-4595-aec6-f7e78c816719/element/00000000-0000-011a-0000-004a0000002c/displayed [39m[32m200[39m [90m87 ms - 14[39m
[35m[HTTP][39m [90m[39m
[35m[HTTP][39m [37m-->[39m [37mGET[39m [37m/session/7fcf345d-f8fd-4595-aec6-f7e78c816719/element/00000000-0000-011a-0000-004a0000002c/enabled[39m
[35m[HTTP][39m [90m{}[39m
[debug] [35m[W3C (7fcf345d)][39m Calling AppiumDriver.elementEnabled() with args: ["00000000-0000-011a-0000-004a0000002c","7fcf345d-f8fd-4595-aec6-f7e78c816719"]
[debug] [35m[WD Proxy][39m Matched '/element/00000000-0000-011a-0000-004a0000002c/attribute/enabled' to command name 'getAttribute'
[debug] [35m[WD Proxy][39m Proxying [GET /element/00000000-0000-011a-0000-004a0000002c/attribute/enabled] to [GET http://127.0.0.1:8202/wd/hub/session/155fa960-593f-4d7b-860b-1be4fde1bf5c/element/00000000-0000-011a-0000-004a0000002c/attribute/enabled] with no body
[debug] [35m[WD Proxy][39m Got response with status 200: {"sessionId":"155fa960-593f-4d7b-860b-1be4fde1bf5c","value":"true"}
[debug] [35m[W3C (7fcf345d)][39m Responding to client with driver.elementEnabled() result: true
[35m[HTTP][39m [37m<-- GET /session/7fcf345d-f8fd-4595-aec6-f7e78c816719/element/00000000-0000-011a-0000-004a0000002c/enabled [39m[32m200[39m [90m61 ms - 14[39m
[35m[HTTP][39m [90m[39m
[35m[HTTP][39m [37m-->[39m [37mPOST[39m [37m/session/7fcf345d-f8fd-4595-aec6-f7e78c816719/elements[39m
[35m[HTTP][39m [90m{"using":"-android uiautomator","value":"new UiSelector().resourceId(\"landing-countryButton\")"}[39m
[debug] [35m[W3C (7fcf345d)][39m Calling AppiumDriver.findElements() with args: ["-android uiautomator","new UiSelector().resourceId(\"landing-countryButton\")","7fcf345d-f8fd-4595-aec6-f7e78c816719"]
[debug] [35m[BaseDriver][39m Valid locator strategies for this request: xpath, id, class name, accessibility id, css selector, -android uiautomator
[debug] [35m[BaseDriver][39m Waiting up to 0 ms for condition
[debug] [35m[WD Proxy][39m Matched '/elements' to command name 'findElements'
[debug] [35m[WD Proxy][39m Proxying [POST /elements] to [POST http://127.0.0.1:8202/wd/hub/session/155fa960-593f-4d7b-860b-1be4fde1bf5c/elements] with body: {"strategy":"-android uiautomator","selector":"new UiSelector().resourceId(\"landing-countryButton\")","context":"","multiple":true}
[35m[HTTP][39m [37m-->[39m [37mGET[39m [37m/wd/hub/session/8a1e051f-7c71-4a8f-98a8-31d4aa0cbc93/timeouts[39m
[35m[HTTP][39m [90m{}[39m
[debug] [35m[HTTP][39m No route found for /wd/hub/session/8a1e051f-7c71-4a8f-98a8-31d4aa0cbc93/timeouts
[35m[HTTP][39m [37m<-- GET /wd/hub/session/8a1e051f-7c71-4a8f-98a8-31d4aa0cbc93/timeouts [39m[33m404[39m [90m1 ms - 262[39m
[35m[HTTP][39m [90m[39m
[debug] [35m[WD Proxy][39m Got response with status 200: {"sessionId":"155fa960-593f-4d7b-860b-1be4fde1bf5c","value":[{"ELEMENT":"00000000-0000-011a-0000-004a0000002c","element-6066-11e4-a52e-4f735466cecf":"00000000-0000-011a-0000-004a0000002c"}]}
[debug] [35m[W3C (7fcf345d)][39m Responding to client with driver.findElements() result: [{"element-6066-11e4-a52e-4f735466cecf":"00000000-0000-011a-0000-004a0000002c","ELEMENT":"00000000-0000-011a-0000-004a0000002c"}]
[35m[HTTP][39m [37m<-- POST /session/7fcf345d-f8fd-4595-aec6-f7e78c816719/elements [39m[32m200[39m [90m60 ms - 139[39m
[35m[HTTP][39m [90m[39m
[35m[HTTP][39m [37m-->[39m [37mPOST[39m [37m/session/7fcf345d-f8fd-4595-aec6-f7e78c816719/element[39m
[35m[HTTP][39m [90m{"using":"-android uiautomator","value":"new UiSelector().resourceId(\"landing-countryButton\")"}[39m
[debug] [35m[W3C (7fcf345d)][39m Calling AppiumDriver.findElement() with args: ["-android uiautomator","new UiSelector().resourceId(\"landing-countryButton\")","7fcf345d-f8fd-4595-aec6-f7e78c816719"]
[debug] [35m[BaseDriver][39m Valid locator strategies for this request: xpath, id, class name, accessibility id, css selector, -android uiautomator
[debug] [35m[BaseDriver][39m Waiting up to 0 ms for condition
[debug] [35m[WD Proxy][39m Matched '/element' to command name 'findElement'
[debug] [35m[WD Proxy][39m Proxying [POST /element] to [POST http://127.0.0.1:8202/wd/hub/session/155fa960-593f-4d7b-860b-1be4fde1bf5c/element] with body: {"strategy":"-android uiautomator","selector":"new UiSelector().resourceId(\"landing-countryButton\")","context":"","multiple":false}
[debug] [35m[WD Proxy][39m Got response with status 200: {"sessionId":"155fa960-593f-4d7b-860b-1be4fde1bf5c","value":{"ELEMENT":"00000000-0000-011a-0000-004a0000002c","element-6066-11e4-a52e-4f735466cecf":"00000000-0000-011a-0000-004a0000002c"}}
[debug] [35m[W3C (7fcf345d)][39m Responding to client with driver.findElement() result: {"element-6066-11e4-a52e-4f735466cecf":"00000000-0000-011a-0000-004a0000002c","ELEMENT":"00000000-0000-011a-0000-004a0000002c"}
[35m[HTTP][39m [37m<-- POST /session/7fcf345d-f8fd-4595-aec6-f7e78c816719/element [39m[32m200[39m [90m37 ms - 137[39m
[35m[HTTP][39m [90m[39m
[35m[HTTP][39m [37m-->[39m [37mPOST[39m [37m/session/7fcf345d-f8fd-4595-aec6-f7e78c816719/element/00000000-0000-011a-0000-004a0000002c/click[39m
[35m[HTTP][39m [90m{}[39m
[debug] [35m[W3C (7fcf345d)][39m Calling AppiumDriver.click() with args: ["00000000-0000-011a-0000-004a0000002c","7fcf345d-f8fd-4595-aec6-f7e78c816719"]
[debug] [35m[WD Proxy][39m Matched '/element/00000000-0000-011a-0000-004a0000002c/click' to command name 'click'
[debug] [35m[WD Proxy][39m Proxying [POST /element/00000000-0000-011a-0000-004a0000002c/click] to [POST http://127.0.0.1:8202/wd/hub/session/155fa960-593f-4d7b-860b-1be4fde1bf5c/element/00000000-0000-011a-0000-004a0000002c/click] with body: {"element":"00000000-0000-011a-0000-004a0000002c"}
[debug] [35m[WD Proxy][39m Got response with status 200: {"sessionId":"155fa960-593f-4d7b-860b-1be4fde1bf5c","value":null}
[debug] [35m[W3C (7fcf345d)][39m Responding to client with driver.click() result: null
[35m[HTTP][39m [37m<-- POST /session/7fcf345d-f8fd-4595-aec6-f7e78c816719/element/00000000-0000-011a-0000-004a0000002c/click [39m[32m200[39m [90m90 ms - 14[39m
[35m[HTTP][39m [90m[39m
[35m[HTTP][39m [37m-->[39m [37mGET[39m [37m/wd/hub/session/8a1e051f-7c71-4a8f-98a8-31d4aa0cbc93/timeouts[39m
[35m[HTTP][39m [90m{}[39m
[debug] [35m[HTTP][39m No route found for /wd/hub/session/8a1e051f-7c71-4a8f-98a8-31d4aa0cbc93/timeouts
[35m[HTTP][39m [37m<-- GET /wd/hub/session/8a1e051f-7c71-4a8f-98a8-31d4aa0cbc93/timeouts [39m[33m404[39m [90m1 ms - 262[39m
[35m[HTTP][39m [90m[39m
[35m[HTTP][39m [37m-->[39m [37mGET[39m [37m/wd/hub/session/8a1e051f-7c71-4a8f-98a8-31d4aa0cbc93/timeouts[39m
[35m[HTTP][39m [90m{}[39m
[debug] [35m[HTTP][39m No route found for /wd/hub/session/8a1e051f-7c71-4a8f-98a8-31d4aa0cbc93/timeouts
[35m[HTTP][39m [37m<-- GET /wd/hub/session/8a1e051f-7c71-4a8f-98a8-31d4aa0cbc93/timeouts [39m[33m404[39m [90m1 ms - 262[39m
[35m[HTTP][39m [90m[39m
[35m[HTTP][39m [37m-->[39m [37mDELETE[39m [37m/session/7fcf345d-f8fd-4595-aec6-f7e78c816719[39m
[35m[HTTP][39m [90m{}[39m
[debug] [35m[W3C (7fcf345d)][39m Calling AppiumDriver.deleteSession() with args: ["7fcf345d-f8fd-4595-aec6-f7e78c816719"]
[debug] [35m[BaseDriver][39m Event 'quitSessionRequested' logged at 1668338053047 (12:14:13 GMT+0100 (Central European Standard Time))
[35m[Appium][39m Removing session 7fcf345d-f8fd-4595-aec6-f7e78c816719 from our master session list
[debug] [35m[UiAutomator2][39m Deleting UiAutomator2 session
[debug] [35m[UiAutomator2][39m Deleting UiAutomator2 server session
[debug] [35m[WD Proxy][39m Matched '/' to command name 'deleteSession'
[debug] [35m[WD Proxy][39m Proxying [DELETE /] to [DELETE http://127.0.0.1:8202/wd/hub/session/155fa960-593f-4d7b-860b-1be4fde1bf5c] with no body
[debug] [35m[WD Proxy][39m Got response with status 200: {"sessionId":"155fa960-593f-4d7b-860b-1be4fde1bf5c","value":null}
[debug] [35m[ADB][39m Running '/Users/tomas/Library/Android/sdk/platform-tools/adb -P 5037 -s BY6X5TGUHQSS5LOJ shell am force-stop com.amazon.mShop.android.shopping'
[debug] [35m[Logcat][39m Stopping logcat capture
[debug] [35m[ADB][39m Removing forwarded port socket connection: 8202 
[debug] [35m[ADB][39m Running '/Users/tomas/Library/Android/sdk/platform-tools/adb -P 5037 -s BY6X5TGUHQSS5LOJ forward --remove tcp:8202'
[35m[UiAutomator2][39m Restoring hidden api policy to the device default configuration
[debug] [35m[ADB][39m Running '/Users/tomas/Library/Android/sdk/platform-tools/adb -P 5037 -s BY6X5TGUHQSS5LOJ shell 'settings delete global hidden_api_policy_pre_p_apps;settings delete global hidden_api_policy_p_apps;settings delete global hidden_api_policy''
[debug] [35m[BaseDriver][39m Event 'quitSessionFinished' logged at 1668338053455 (12:14:13 GMT+0100 (Central European Standard Time))
[debug] [35m[W3C (7fcf345d)][39m Received response: null
[debug] [35m[W3C (7fcf345d)][39m But deleting session, so not returning
[debug] [35m[W3C (7fcf345d)][39m Responding to client with driver.deleteSession() result: null
[35m[HTTP][39m [37m<-- DELETE /session/7fcf345d-f8fd-4595-aec6-f7e78c816719 [39m[32m200[39m [90m410 ms - 14[39m
[35m[HTTP][39m [90m[39m
[35m[Appium][39m Received SIGTERM - shutting down
[debug] [35m[Appium][39m There are no active sessions for cleanup
